Using pre-set license
Built from '2021.3/china_unity/release' branch; Version is '2021.3.8f1c1 (c20728c1e961) revision 12715816'; Using compiler version '192829333'; Build Type 'Release'
OS: 'Windows 11  (10.0.22631) 64bit CoreCountrySpecific' Language: 'zh' Physical Memory: 32125 MB
BatchMode: 1, IsHumanControllingUs: 0, StartBugReporterOnCrash: 0, Is64bit: 1, IsPro: 1

COMMAND LINE ARGUMENTS:
D:\2021.3.8f1c1\Editor\Unity.exe
-adb2
-batchMode
-noUpm
-name
AssetImportWorker0
-projectPath
D:/Unity Projects/Shooting Star Tutorial(10.11)
-logFile
Logs/AssetImportWorker0.log
-srvPort
63725
Successfully changed project path to: D:/Unity Projects/Shooting Star Tutorial(10.11)
D:/Unity Projects/Shooting Star Tutorial(10.11)
[UnityMemory] Configuration Parameters - Can be set up in boot.config
    "memorysetup-bucket-allocator-granularity=16"
    "memorysetup-bucket-allocator-bucket-count=8"
    "memorysetup-bucket-allocator-block-size=33554432"
    "memorysetup-bucket-allocator-block-count=8"
    "memorysetup-main-allocator-block-size=16777216"
    "memorysetup-thread-allocator-block-size=16777216"
    "memorysetup-gfx-main-allocator-block-size=16777216"
    "memorysetup-gfx-thread-allocator-block-size=16777216"
    "memorysetup-cache-allocator-block-size=4194304"
    "memorysetup-typetree-allocator-block-size=2097152"
    "memorysetup-profiler-bucket-allocator-granularity=16"
    "memorysetup-profiler-bucket-allocator-bucket-count=8"
    "memorysetup-profiler-bucket-allocator-block-size=33554432"
    "memorysetup-profiler-bucket-allocator-block-count=8"
    "memorysetup-profiler-allocator-block-size=16777216"
    "memorysetup-profiler-editor-allocator-block-size=1048576"
    "memorysetup-temp-allocator-size-main=16777216"
    "memorysetup-job-temp-allocator-block-size=2097152"
    "memorysetup-job-temp-allocator-block-size-background=1048576"
    "memorysetup-job-temp-allocator-reduction-small-platforms=262144"
    "memorysetup-temp-allocator-size-background-worker=32768"
    "memorysetup-temp-allocator-size-job-worker=262144"
    "memorysetup-temp-allocator-size-preload-manager=33554432"
    "memorysetup-temp-allocator-size-nav-mesh-worker=65536"
    "memorysetup-temp-allocator-size-audio-worker=65536"
    "memorysetup-temp-allocator-size-cloud-worker=32768"
    "memorysetup-temp-allocator-size-gi-baking-worker=262144"
    "memorysetup-temp-allocator-size-gfx=262144"
AS: AutoStreaming module initializing.
Refreshing native plugins compatible for Editor in 136.74 ms, found 1 plugins.
Preloading 0 native plugins for Editor in 0.00 ms.
Initialize engine version: 2021.3.8f1c1 (c20728c1e961)
[Subsystems] Discovering subsystems at path D:/2021.3.8f1c1/Editor/Data/Resources/UnitySubsystems
[Subsystems] Discovering subsystems at path D:/Unity Projects/Shooting Star Tutorial(10.11)/Assets
GfxDevice: creating device client; threaded=0; jobified=0
Direct3D:
    Version:  Direct3D 11.0 [level 11.1]
    Renderer: NVIDIA GeForce RTX 2060 (ID=0x1f15)
    Vendor:   NVIDIA
    VRAM:     5955 MB
    Driver:   32.0.15.6094
Initialize mono
Mono path[0] = 'D:/2021.3.8f1c1/Editor/Data/Managed'
Mono path[1] = 'D:/2021.3.8f1c1/Editor/Data/MonoBleedingEdge/lib/mono/unityjit-win32'
Mono config path = 'D:/2021.3.8f1c1/Editor/Data/MonoBleedingEdge/etc'
Using monoOptions --debugger-agent=transport=dt_socket,embedding=1,server=y,suspend=n,address=127.0.0.1:56184
Begin MonoManager ReloadAssembly
Registering precompiled unity dll's ...
Register platform support module: D:/2021.3.8f1c1/Editor/Data/PlaybackEngines/AndroidPlayer/UnityEditor.Android.Extensions.dll
Register platform support module: D:/2021.3.8f1c1/Editor/Data/PlaybackEngines/WindowsStandaloneSupport/UnityEditor.WindowsStandalone.Extensions.dll
Register platform support module: D:/2021.3.8f1c1/Editor/Data/PlaybackEngines/MetroSupport/UnityEditor.UWP.Extensions.dll
Registered in 0.015902 seconds.
Native extension for UWP target not found
Native extension for WindowsStandalone target not found
Native extension for Android target not found
Refreshing native plugins compatible for Editor in 127.52 ms, found 1 plugins.
Preloading 0 native plugins for Editor in 0.00 ms.
Mono: successfully reloaded assembly
- Completed reload, in  1.328 seconds
Domain Reload Profiling:
	ReloadAssembly (1329ms)
		BeginReloadAssembly (304ms)
			ExecutionOrderSort (0ms)
			DisableScriptedObjects (0ms)
			BackupInstance (0ms)
			ReleaseScriptingObjects (0ms)
			CreateAndSetChildDomain (1ms)
		EndReloadAssembly (762ms)
			LoadAssemblies (280ms)
			RebuildTransferFunctionScriptingTraits (0ms)
			SetupTypeCache (174ms)
			ReleaseScriptCaches (0ms)
			RebuildScriptCaches (41ms)
			SetupLoadedEditorAssemblies (425ms)
				LogAssemblyErrors (0ms)
				InitializePlatformSupportModulesInManaged (95ms)
				SetLoadedEditorAssemblies (0ms)
				RefreshPlugins (128ms)
				BeforeProcessingInitializeOnLoad (2ms)
				ProcessInitializeOnLoadAttributes (124ms)
				ProcessInitializeOnLoadMethodAttributes (76ms)
				AfterProcessingInitializeOnLoad (0ms)
				EditorAssembliesLoaded (0ms)
			ExecutionOrderSort2 (0ms)
			AwakeInstancesAfterBackupRestoration (0ms)
Platform modules already initialized, skipping
Registering precompiled user dll's ...
Registered in 0.038866 seconds.
Begin MonoManager ReloadAssembly
Symbol file LoadedFromMemory doesn't match image D:\Unity Projects\Shooting Star Tutorial(10.11)\Library\PackageCache\com.unity.visualscripting@1.7.8\Editor\VisualScripting.Core\Dependencies\YamlDotNet\Unity.VisualScripting.YamlDotNet.dll
Symbol file LoadedFromMemory doesn't match image D:\Unity Projects\Shooting Star Tutorial(10.11)\Library\PackageCache\com.unity.visualscripting@1.7.8\Editor\VisualScripting.Core\Dependencies\DotNetZip\Unity.VisualScripting.IonicZip.dll
Native extension for UWP target not found
Native extension for WindowsStandalone target not found
Native extension for Android target not found
Refreshing native plugins compatible for Editor in 126.26 ms, found 1 plugins.
Preloading 0 native plugins for Editor in 0.00 ms.
Mono: successfully reloaded assembly
- Completed reload, in  2.293 seconds
Domain Reload Profiling:
	ReloadAssembly (2294ms)
		BeginReloadAssembly (489ms)
			ExecutionOrderSort (0ms)
			DisableScriptedObjects (13ms)
			BackupInstance (0ms)
			ReleaseScriptingObjects (0ms)
			CreateAndSetChildDomain (226ms)
		EndReloadAssembly (1536ms)
			LoadAssemblies (275ms)
			RebuildTransferFunctionScriptingTraits (0ms)
			SetupTypeCache (339ms)
			ReleaseScriptCaches (1ms)
			RebuildScriptCaches (75ms)
			SetupLoadedEditorAssemblies (808ms)
				LogAssemblyErrors (0ms)
				InitializePlatformSupportModulesInManaged (24ms)
				SetLoadedEditorAssemblies (0ms)
				RefreshPlugins (126ms)
				BeforeProcessingInitializeOnLoad (161ms)
				ProcessInitializeOnLoadAttributes (341ms)
				ProcessInitializeOnLoadMethodAttributes (104ms)
				AfterProcessingInitializeOnLoad (52ms)
				EditorAssembliesLoaded (0ms)
			ExecutionOrderSort2 (0ms)
			AwakeInstancesAfterBackupRestoration (15ms)
Platform modules already initialized, skipping
========================================================================
Worker process is ready to serve import requests
Launched and connected shader compiler UnityShaderCompiler.exe after 0.08 seconds
Refreshing native plugins compatible for Editor in 1.11 ms, found 1 plugins.
Preloading 0 native plugins for Editor in 0.00 ms.
Unloading 4299 Unused Serialized files (Serialized files now loaded: 0)
Unloading 26 unused Assets / (0.7 MB). Loaded Objects now: 4767.
Memory consumption went from 184.0 MB to 183.3 MB.
Total: 5.652900 ms (FindLiveObjects: 0.462500 ms CreateObjectMapping: 0.269500 ms MarkObjects: 4.242000 ms  DeleteObjects: 0.676900 ms)

AssetImportParameters requested are different than current active one (requested -> active):
  custom:video-decoder-ogg-theora: a1e56fd34408186e4bbccfd4996cb3dc -> 
  custom:container-muxer-webm: aa71ff27fc2769a1b78a27578f13a17b -> 
  custom:container-demuxer-webm: 4f35f7cbe854078d1ac9338744f61a02 -> 
  custom:video-encoder-webm-vp8: eb34c28f22e8b96e1ab97ce403110664 -> 
  custom:video-codec-MediaFoundation-h265: 746d11721c4dcdbdad8f713fa42b33f4 -> 
  custom:audio-encoder-webm-vorbis: bf7c407c2cedff20999df2af8eb42d56 -> 
  custom:framework-win-MediaFoundation: 216162199b28c13a410421893ffa2e32 -> 
  custom:container-demuxer-ogg: 62fdf1f143b41e24485cea50d1cbac27 -> 
  custom:video-decoder-webm-vp8: 9c59270c3fd7afecdb556c50c9e8de78 -> 
  custom:audio-decoder-ogg-vorbis: bf7c407c2cedff20999df2af8eb42d56 -> 
========================================================================
Received Import Request.
  Time since last request: 33440.076955 seconds.
  path: Assets/UI Toolkit/UnityThemes
  artifactKey: Guid(f50ae95373f6d2a4a8c9f663cd45493e) Importer(815301076,1909f56bfc062723c751e8b465ee728b)
Start importing Assets/UI Toolkit/UnityThemes using Guid(f50ae95373f6d2a4a8c9f663cd45493e) Importer(815301076,1909f56bfc062723c751e8b465ee728b)  -> (artifact id: '91b367c8d6dfacf7f670e837fc3490b5') in 0.016104 seconds 
========================================================================
Received Import Request.
  Time since last request: 0.000045 seconds.
  path: Assets/Models/Star Sparrow/Materials/Unified
  artifactKey: Guid(3baf79125109d0e40825a5b3a458c6e6) Importer(815301076,1909f56bfc062723c751e8b465ee728b)
Start importing Assets/Models/Star Sparrow/Materials/Unified using Guid(3baf79125109d0e40825a5b3a458c6e6) Importer(815301076,1909f56bfc062723c751e8b465ee728b)  -> (artifact id: 'ea80956dd50533a83104ee38d96ce68a') in 0.005890 seconds 
========================================================================
Received Import Request.
  Time since last request: 0.000055 seconds.
  path: Assets/Prefab/Enemies/Boss.prefab
  artifactKey: Guid(8aca0758ccf05a44c969726c6df044b5) Importer(815301076,1909f56bfc062723c751e8b465ee728b)
Start importing Assets/Prefab/Enemies/Boss.prefab using Guid(8aca0758ccf05a44c969726c6df044b5) Importer(815301076,1909f56bfc062723c751e8b465ee728b)  -> (artifact id: 'c2b471a1357274b763a88d86f618af6c') in 0.672852 seconds 
========================================================================
Received Import Request.
  Time since last request: 3.723891 seconds.
  path: Assets/Materials/Laser Beam/Materials/M_EnemyLaserParticle.mat
  artifactKey: Guid(aeb50426fee5f74469903743661c247f) Importer(815301076,1909f56bfc062723c751e8b465ee728b)
Start importing Assets/Materials/Laser Beam/Materials/M_EnemyLaserParticle.mat using Guid(aeb50426fee5f74469903743661c247f) Importer(815301076,1909f56bfc062723c751e8b465ee728b)  -> (artifact id: '53f380035a5f9cd06a889b505cd98558') in 0.047008 seconds 
========================================================================
Received Import Request.
  Time since last request: 2.742635 seconds.
  path: Assets/Models/Muzzle Fire/Plane1x1.FBX
  artifactKey: Guid(9d0862121c112ec4abc229920df08581) Importer(815301076,1909f56bfc062723c751e8b465ee728b)
Start importing Assets/Models/Muzzle Fire/Plane1x1.FBX using Guid(9d0862121c112ec4abc229920df08581) Importer(815301076,1909f56bfc062723c751e8b465ee728b)  -> (artifact id: '9a0f2582f1dfec0a8f1b91955933bed1') in 0.483013 seconds 
========================================================================
Received Import Request.
  Time since last request: 0.819249 seconds.
  path: Assets/Materials/Engine VFX/Enemy Engine Materials/Enemy Engine Basic.mat
  artifactKey: Guid(a74016926877b1e4aa6f9831dbf2ee0a) Importer(815301076,1909f56bfc062723c751e8b465ee728b)
Start importing Assets/Materials/Engine VFX/Enemy Engine Materials/Enemy Engine Basic.mat using Guid(a74016926877b1e4aa6f9831dbf2ee0a) Importer(815301076,1909f56bfc062723c751e8b465ee728b)  -> (artifact id: '2d160850ec423affadc8efa9ec719645') in 0.020958 seconds 
========================================================================
Received Import Request.
  Time since last request: 43.731759 seconds.
  path: Assets/Models/Space Frigate/SM_Spacefrigate.FBX
  artifactKey: Guid(0ce846f59a0a94140b86033f0bde21b2) Importer(815301076,1909f56bfc062723c751e8b465ee728b)
Start importing Assets/Models/Space Frigate/SM_Spacefrigate.FBX using Guid(0ce846f59a0a94140b86033f0bde21b2) Importer(815301076,1909f56bfc062723c751e8b465ee728b)  -> (artifact id: 'ba78d2ded7edbd46f55433536b7d844a') in 0.172300 seconds 
========================================================================
Received Import Request.
  Time since last request: 13.226705 seconds.
  path: Assets/Models/Missile And Bomb/Mesh/MissilesSample.FBX
  artifactKey: Guid(afbbf42a35d3ca347aea29a1457035cc) Importer(815301076,1909f56bfc062723c751e8b465ee728b)
Start importing Assets/Models/Missile And Bomb/Mesh/MissilesSample.FBX using Guid(afbbf42a35d3ca347aea29a1457035cc) Importer(815301076,1909f56bfc062723c751e8b465ee728b)  -> (artifact id: '4777ae304c6e7ad4c4f95cced706c8ad') in 0.062386 seconds 
========================================================================
Received Import Request.
  Time since last request: 0.000037 seconds.
  path: Assets/Models/Star Sparrow/Meshes/StarSparrowExamples2.FBX
  artifactKey: Guid(21c6d0bb8170cae4f9d49bb728b3f524) Importer(815301076,1909f56bfc062723c751e8b465ee728b)
Start importing Assets/Models/Star Sparrow/Meshes/StarSparrowExamples2.FBX using Guid(21c6d0bb8170cae4f9d49bb728b3f524) Importer(815301076,1909f56bfc062723c751e8b465ee728b)  -> (artifact id: 'f890853590178935a0cc289c2ed1ff7e') in 0.123015 seconds 
========================================================================
Received Import Request.
  Time since last request: 0.000047 seconds.
  path: Assets/Models/Star Sparrow/Meshes/StarSparrowExamples1.FBX
  artifactKey: Guid(e0f90ad78680d6145b082ac69f7fc504) Importer(815301076,1909f56bfc062723c751e8b465ee728b)
Start importing Assets/Models/Star Sparrow/Meshes/StarSparrowExamples1.FBX using Guid(e0f90ad78680d6145b082ac69f7fc504) Importer(815301076,1909f56bfc062723c751e8b465ee728b)  -> (artifact id: 'e64f689b2d737fc1098d7bd69aa07afe') in 0.131611 seconds 
========================================================================
Received Import Request.
  Time since last request: 0.000040 seconds.
  path: Assets/Models/Player Projectile/ProjectileMesh.fbx
  artifactKey: Guid(2b2823a4a91200b4b8e20f9956870ddf) Importer(815301076,1909f56bfc062723c751e8b465ee728b)
Start importing Assets/Models/Player Projectile/ProjectileMesh.fbx using Guid(2b2823a4a91200b4b8e20f9956870ddf) Importer(815301076,1909f56bfc062723c751e8b465ee728b)  -> (artifact id: '7fed5e189a220709dfa388cc3faffedd') in 0.036288 seconds 
========================================================================
Received Import Request.
  Time since last request: 8.407730 seconds.
  path: Assets/Models/Space Frigate/Textures/T_Spacefrigate_hose_rg.TGA
  artifactKey: Guid(7fad8d08dacde444dbd4cf8ced78d651) Importer(815301076,1909f56bfc062723c751e8b465ee728b)
Start importing Assets/Models/Space Frigate/Textures/T_Spacefrigate_hose_rg.TGA using Guid(7fad8d08dacde444dbd4cf8ced78d651) Importer(815301076,1909f56bfc062723c751e8b465ee728b)  -> (artifact id: '516049ddeec7dc67e462d9354adbca79') in 0.034604 seconds 
